<?xml version="1.0" encoding="UTF-8"?>
<!-- Generated by org.testng.reporters.JUnitXMLReporter -->
<testsuite hostname="DESKTOP-89OTHQ5" ignored="0" name="Test" tests="3" failures="0" timestamp="23 Dec 2020 02:59:14 GMT" time="4.23" errors="0">
  <testcase name="loginTest" time="3.131" classname="com.test.LoginTest"/>
  <testcase name="logoTest" time="0.364" classname="com.test.LoginTest"/>
  <testcase name="verifyCourses" time="0.569" classname="com.test.DashboardTest"/>
</testsuite> <!-- Test -->
