<?xml version="1.0" encoding="UTF-8"?>
<testng-results skipped="0" failed="0" ignored="0" total="3" passed="3">
  <reporter-output>
  </reporter-output>
  <suite name="Suite" duration-ms="4230" started-at="2020-12-23T02:59:10Z" finished-at="2020-12-23T02:59:14Z">
    <groups>
    </groups>
    <test name="Test" duration-ms="4230" started-at="2020-12-23T02:59:10Z" finished-at="2020-12-23T02:59:14Z">
      <class name="com.test.DashboardTest">
        <test-method status="PASS" signature="verifyCourses()[pri:0, instance:com.test.DashboardTest@685cb137]" name="verifyCourses" duration-ms="569" started-at="2020-12-23T02:59:13Z" finished-at="2020-12-23T02:59:14Z">
          <reporter-output>
          </reporter-output>
        </test-method> <!-- verifyCourses -->
      </class> <!-- com.test.DashboardTest -->
      <class name="com.test.LoginTest">
        <test-method status="PASS" signature="setUp()[pri:0, instance:com.test.LoginTest@6a4f787b]" name="setUp" is-config="true" duration-ms="17503" started-at="2020-12-23T02:58:52Z" finished-at="2020-12-23T02:59:10Z">
          <reporter-output>
          </reporter-output>
        </test-method> <!-- setUp -->
        <test-method status="PASS" signature="loginTest()[pri:0, instance:com.test.LoginTest@6a4f787b]" name="loginTest" duration-ms="3131" started-at="2020-12-23T02:59:10Z" finished-at="2020-12-23T02:59:13Z">
          <reporter-output>
          </reporter-output>
        </test-method> <!-- loginTest -->
        <test-method status="PASS" signature="logoTest()[pri:0, instance:com.test.LoginTest@6a4f787b]" name="logoTest" duration-ms="364" started-at="2020-12-23T02:59:13Z" finished-at="2020-12-23T02:59:13Z">
          <reporter-output>
          </reporter-output>
        </test-method> <!-- logoTest -->
      </class> <!-- com.test.LoginTest -->
    </test> <!-- Test -->
  </suite> <!-- Suite -->
</testng-results>
